#
# There is insufficient memory for the Java Runtime Environment to continue.
# Native memory allocation (mmap) failed to map 264241152 bytes. Error detail: G1 virtual space
# Possible reasons:
#   The system is out of physical RAM or swap space
#   This process is running with CompressedOops enabled, and the Java Heap may be blocking the growth of the native heap
# Possible solutions:
#   Reduce memory load on the system
#   Increase physical memory or swap space
#   Check if swap backing store is full
#   Decrease Java heap size (-Xmx/-Xms)
#   Decrease number of Java threads
#   Decrease Java thread stack sizes (-Xss)
#   Set larger code cache with -XX:ReservedCodeCacheSize=
#   JVM is running with Zero Based Compressed Oops mode in which the Java heap is
#     placed in the first 32GB address space. The Java Heap base address is the
#     maximum limit for the native heap growth. Please use -XX:HeapBaseMinAddress
#     to set the Java Heap base and to place the Java Heap above 32GB virtual address.
# This output file may be truncated or incomplete.
#
#  Out of Memory Error (os_windows.cpp:3554), pid=4288, tid=6084
#
# JRE version:  (25.0.1+8) (build )
# Java VM: OpenJDK 64-Bit Server VM (25.0.1+8-27, mixed mode, emulated-client, sharing, tiered, compressed oops, compressed class ptrs, g1 gc, windows-amd64)
# No core dump will be written. Minidumps are not enabled by default on client versions of Windows
#

---------------  S U M M A R Y ------------

Command Line: -XX:TieredStopAtLevel=1 -Dspring.output.ansi.enabled=always -Dcom.sun.management.jmxremote -Dspring.jmx.enabled=true -Dspring.liveBeansView.mbeanDomain -Dspring.application.admin.enabled=true -Dmanagement.endpoints.jmx.exposure.include=* -javaagent:C:\Program Files\JetBrains\IntelliJ IDEA 2025.1.4.1\lib\idea_rt.jar=59178 -Dfile.encoding=UTF-8 -Dsun.stdout.encoding=UTF-8 -Dsun.stderr.encoding=UTF-8 cr.ac.una.bolsaempleo.BolsaEmpleoApplication

Host: Intel(R) Core(TM) i7-4810MQ CPU @ 2.80GHz, 8 cores, 15G,  Windows 10 , 64 bit Build 19041 (10.0.19041.5915)
Time: Mon Mar 23 00:17:01 2026 Hora est嫕dar, Am廨ica Central elapsed time: 0.045506 seconds (0d 0h 0m 0s)

---------------  T H R E A D  ---------------

Current thread (0x0000025cf0aec1c0):  JavaThread "Unknown thread" [_thread_in_vm, id=6084, stack(0x0000007718000000,0x0000007718100000) (1024K)]

Stack: [0x0000007718000000,0x0000007718100000]
Native frames: (J=compiled Java code, j=interpreted, Vv=VM code, C=native code)
V  [jvm.dll+0x7a6b59]  (no source info available)
V  [jvm.dll+0x77290d]  (no source info available)
V  [jvm.dll+0x966153]  (no source info available)
V  [jvm.dll+0x968751]  (no source info available)
V  [jvm.dll+0x968e53]  (no source info available)
V  [jvm.dll+0x2fc756]  (no source info available)
V  [jvm.dll+0x7a2d85]  (no source info available)
V  [jvm.dll+0x796197]  (no source info available)
V  [jvm.dll+0x3f4698]  (no source info available)
V  [jvm.dll+0x3fc5b6]  (no source info available)
V  [jvm.dll+0x3e8c8e]  (no source info available)
V  [jvm.dll+0x3e8f48]  (no source info available)
V  [jvm.dll+0x3c0045]  (no source info available)
V  [jvm.dll+0x3c0cce]  (no source info available)
V  [jvm.dll+0x92c837]  (no source info available)
V  [jvm.dll+0x458bc2]  (no source info available)
V  [jvm.dll+0x9101e2]  (no source info available)
V  [jvm.dll+0x4f9061]  (no source info available)
V  [jvm.dll+0x4fa8f1]  (no source info available)
C  [jli.dll+0x543e]  (no source info available)
C  [ucrtbase.dll+0x21bb2]  (no source info available)
C  [KERNEL32.DLL+0x17374]  (no source info available)
C  [ntdll.dll+0x4cc91]  (no source info available)

Lock stack of current Java thread (top to bottom):


---------------  P R O C E S S  ---------------

Threads class SMR info:
_java_thread_list=0x00007ffe30c95308, length=0, elements={
}

Java Threads: ( => current thread )
Total: 0

Other Threads:
  0x0000025cee97dec0 WorkerThread "GC Thread#0"                     [id=7228, stack(0x0000007718100000,0x0000007718200000) (1024K)]
  0x0000025cf0b652d0 ConcurrentGCThread "G1 Main Marker"            [id=6700, stack(0x0000007718200000,0x0000007718300000) (1024K)]
  0x0000025cf0b677a0 WorkerThread "G1 Conc#0"                       [id=12672, stack(0x0000007718300000,0x0000007718400000) (1024K)]

[error occurred during error reporting (printing all threads), id 0xc0000005, EXCEPTION_ACCESS_VIOLATION (0xc0000005) at pc=0x00007ffe30374c2a]
VM state: not at safepoint (not fully initialized)

VM Mutex/Monitor currently owned by a thread:  ([mutex/lock_event])
[0x00007ffe30d19668] Heap_lock - owner thread: 0x0000025cf0aec1c0

Heap address: 0x0000000705400000, size: 4012 MB, Compressed Oops mode: Zero based, Oop shift amount: 3

CDS archive(s) mapped at: [0x0000000000000000-0x0000000000000000-0x0000000000000000), size 0, SharedBaseAddress: 0x0000000800000000, ArchiveRelocationMode: 1.
UseCompressedClassPointers 1, UseCompactObjectHeaders 0
Narrow klass pointer bits 32, Max shift 3
Narrow klass base: 0xffffffffffffffff, Narrow klass shift: -1
Encoding Range: [0xffffffffffffffff - 0x000000007fffffff), (2147483648 bytes)
Klass Range:    [0x0000000000000000 - 0x0000000000000000), (0 bytes)
Klass ID Range:  [4294967295 - 0) (1)
No protection zone.

GC Precious Log:
 CardTable entry size: 512
 Card Set container configuration: InlinePtr #cards 4 size 8 Array Of Cards #cards 16 size 48 Howl #buckets 8 coarsen threshold 3686 Howl Bitmap #cards 512 size 80 coarsen threshold 460 Card regions per heap region 1 cards per card region 4096

Heap:
 garbage-first heap   total reserved 4108288K, committed 0K, used 0K [0x0000000705400000, 0x0000000800000000)
  region size 2048K, 0 young (0K), 0 survivors (0K)

Heap Regions: E=young(eden), S=young(survivor), O=old, HS=humongous(starts), HC=humongous(continues), CS=collection set, F=free, TAMS=top-at-mark-start, PB=parsable bottom

Card table byte_map: [0x0000025cfce70000,0x0000025cfd650000] _byte_map_base: 0x0000025cf9646000

Marking Bits: (CMBitMap*) 0x0000025cee97e650
 Bits: [0x0000025c80000000, 0x0000025c83eb0000)

GC Heap Usage History (0 events):
No events

Metaspace Usage History (0 events):
No events

Dll operation events (1 events):
Event: 0.025 Loaded shared library C:\Users\Tania\.jdks\openjdk-25.0.1\bin\java.dll

Deoptimization events (0 events):
No events

Classes loaded (0 events):
No events

Classes unloaded (0 events):
No events

Classes redefined (0 events):
No events

Internal exceptions (0 events):
No events

VM Operations (0 events):
No events

Memory protections (0 events):
No events

Nmethod flushes (0 events):
No events

Events (0 events):
No events


Dynamic libraries:
0x00007ff7b1ee0000 - 0x00007ff7b1eee000 	C:\Users\Tania\.jdks\openjdk-25.0.1\bin\java.exe
0x00007ffe90fd0000 - 0x00007ffe911c8000 	C:\WINDOWS\SYSTEM32\ntdll.dll
0x00007ffe5a1a0000 - 0x00007ffe5a1c0000 	C:\Program Files\Avast Software\Avast\aswhook.dll
0x00007ffe902a0000 - 0x00007ffe90362000 	C:\WINDOWS\System32\KERNEL32.DLL
0x00007ffe8e660000 - 0x00007ffe8e956000 	C:\WINDOWS\System32\KERNELBASE.dll
0x00007ffe8e960000 - 0x00007ffe8ea60000 	C:\WINDOWS\System32\ucrtbase.dll
0x00007ffe88810000 - 0x00007ffe8882e000 	C:\Users\Tania\.jdks\openjdk-25.0.1\bin\VCRUNTIME140.dll
0x00007ffe88b90000 - 0x00007ffe88ba7000 	C:\Users\Tania\.jdks\openjdk-25.0.1\bin\jli.dll
0x00007ffe8fd20000 - 0x00007ffe8fec1000 	C:\WINDOWS\System32\USER32.dll
0x00007ffe8ec40000 - 0x00007ffe8ec62000 	C:\WINDOWS\System32\win32u.dll
0x00007ffe8f700000 - 0x00007ffe8f72b000 	C:\WINDOWS\System32\GDI32.dll
0x00007ffe8eda0000 - 0x00007ffe8eeb9000 	C:\WINDOWS\System32\gdi32full.dll
0x00007ffe8ec70000 - 0x00007ffe8ed0d000 	C:\WINDOWS\System32\msvcp_win.dll
0x00007ffe7eef0000 - 0x00007ffe7f18b000 	C:\WINDOWS\WinSxS\amd64_microsoft.windows.common-controls_6595b64144ccf1df_6.0.19041.6456_none_60b8a6cb71f64256\COMCTL32.dll
0x00007ffe90dd0000 - 0x00007ffe90e6e000 	C:\WINDOWS\System32\msvcrt.dll
0x00007ffe90270000 - 0x00007ffe9029f000 	C:\WINDOWS\System32\IMM32.DLL
0x00007ffe88c00000 - 0x00007ffe88c0c000 	C:\Users\Tania\.jdks\openjdk-25.0.1\bin\vcruntime140_1.dll
0x00007ffe7e8d0000 - 0x00007ffe7e95d000 	C:\Users\Tania\.jdks\openjdk-25.0.1\bin\msvcp140.dll
0x00007ffe2ffa0000 - 0x00007ffe30dff000 	C:\Users\Tania\.jdks\openjdk-25.0.1\bin\server\jvm.dll
0x00007ffe901a0000 - 0x00007ffe90251000 	C:\WINDOWS\System32\ADVAPI32.dll
0x00007ffe8f0d0000 - 0x00007ffe8f16f000 	C:\WINDOWS\System32\sechost.dll
0x00007ffe90e70000 - 0x00007ffe90f90000 	C:\WINDOWS\System32\RPCRT4.dll
0x00007ffe8ec10000 - 0x00007ffe8ec37000 	C:\WINDOWS\System32\bcrypt.dll
0x00007ffe8fba0000 - 0x00007ffe8fc0b000 	C:\WINDOWS\System32\WS2_32.dll
0x00007ffe7b030000 - 0x00007ffe7b057000 	C:\WINDOWS\SYSTEM32\WINMM.dll
0x00007ffe8dd10000 - 0x00007ffe8dd5b000 	C:\WINDOWS\SYSTEM32\POWRPROF.dll
0x00007ffe85820000 - 0x00007ffe8582a000 	C:\WINDOWS\SYSTEM32\VERSION.dll
0x00007ffe8dcd0000 - 0x00007ffe8dce2000 	C:\WINDOWS\SYSTEM32\UMPDC.dll
0x00007ffe8c4d0000 - 0x00007ffe8c4e2000 	C:\WINDOWS\SYSTEM32\kernel.appcore.dll
0x00007ffe88b30000 - 0x00007ffe88b3a000 	C:\Users\Tania\.jdks\openjdk-25.0.1\bin\jimage.dll
0x00007ffe83e70000 - 0x00007ffe84071000 	C:\WINDOWS\SYSTEM32\DBGHELP.DLL
0x00007ffe841b0000 - 0x00007ffe841e4000 	C:\WINDOWS\SYSTEM32\dbgcore.DLL
0x00007ffe8ed10000 - 0x00007ffe8ed92000 	C:\WINDOWS\System32\bcryptPrimitives.dll
0x00007ffe88650000 - 0x00007ffe88660000 	C:\Users\Tania\.jdks\openjdk-25.0.1\bin\instrument.dll
0x00007ffe87cc0000 - 0x00007ffe87cdf000 	C:\Users\Tania\.jdks\openjdk-25.0.1\bin\java.dll
0x00007ffe90ca0000 - 0x00007ffe90dcb000 	C:\WINDOWS\System32\ole32.dll
0x00007ffe8f300000 - 0x00007ffe8f654000 	C:\WINDOWS\System32\combase.dll
0x00007ffe90420000 - 0x00007ffe90b90000 	C:\WINDOWS\System32\SHELL32.dll

JVMTI agents:
C:\Program Files\JetBrains\IntelliJ IDEA 2025.1.4.1\lib\idea_rt.jar path:none, loaded, not initialized, instrumentlib options:59178

dbghelp: loaded successfully - version: 4.0.5 - missing functions: none
symbol engine: initialized successfully - sym options: 0x614 - pdb path: .;C:\Users\Tania\.jdks\openjdk-25.0.1\bin;C:\WINDOWS\SYSTEM32;C:\Program Files\Avast Software\Avast;C:\WINDOWS\WinSxS\amd64_microsoft.windows.common-controls_6595b64144ccf1df_6.0.19041.6456_none_60b8a6cb71f64256;C:\Users\Tania\.jdks\openjdk-25.0.1\bin\server

VM Arguments:
jvm_args: -XX:TieredStopAtLevel=1 -Dspring.output.ansi.enabled=always -Dcom.sun.management.jmxremote -Dspring.jmx.enabled=true -Dspring.liveBeansView.mbeanDomain -Dspring.application.admin.enabled=true -Dmanagement.endpoints.jmx.exposure.include=* -javaagent:C:\Program Files\JetBrains\IntelliJ IDEA 2025.1.4.1\lib\idea_rt.jar=59178 -Dfile.encoding=UTF-8 -Dsun.stdout.encoding=UTF-8 -Dsun.stderr.encoding=UTF-8 
java_command: cr.ac.una.bolsaempleo.BolsaEmpleoApplication
java_class_path (initial): C:\Users\Tania\Desktop\Programacion4-Proyecto1\target\classes;C:\Users\Tania\.m2\repository\org\springframework\boot\spring-boot-starter\3.3.2\spring-boot-starter-3.3.2.jar;C:\Users\Tania\.m2\repository\org\springframework\boot\spring-boot\3.3.2\spring-boot-3.3.2.jar;C:\Users\Tania\.m2\repository\org\springframework\spring-context\6.1.11\spring-context-6.1.11.jar;C:\Users\Tania\.m2\repository\org\springframework\boot\spring-boot-autoconfigure\3.3.2\spring-boot-autoconfigure-3.3.2.jar;C:\Users\Tania\.m2\repository\org\springframework\boot\spring-boot-starter-logging\3.3.2\spring-boot-starter-logging-3.3.2.jar;C:\Users\Tania\.m2\repository\ch\qos\logback\logback-classic\1.5.6\logback-classic-1.5.6.jar;C:\Users\Tania\.m2\repository\ch\qos\logback\logback-core\1.5.6\logback-core-1.5.6.jar;C:\Users\Tania\.m2\repository\org\apache\logging\log4j\log4j-to-slf4j\2.23.1\log4j-to-slf4j-2.23.1.jar;C:\Users\Tania\.m2\repository\org\apache\logging\log4j\log4j-api\2.23.1\log4j-api-2.23.1.jar;C:\Users\Tania\.m2\repository\org\slf4j\jul-to-slf4j\2.0.13\jul-to-slf4j-2.0.13.jar;C:\Users\Tania\.m2\repository\jakarta\annotation\jakarta.annotation-api\2.1.1\jakarta.annotation-api-2.1.1.jar;C:\Users\Tania\.m2\repository\org\springframework\spring-core\6.1.11\spring-core-6.1.11.jar;C:\Users\Tania\.m2\repository\org\springframework\spring-jcl\6.1.11\spring-jcl-6.1.11.jar;C:\Users\Tania\.m2\repository\org\yaml\snakeyaml\2.2\snakeyaml-2.2.jar;C:\Users\Tania\.m2\repository\org\springframework\boot\spring-boot-starter-web\3.3.2\spring-boot-starter-web-3.3.2.jar;C:\Users\Tania\.m2\repository\org\springframework\boot\spring-boot-starter-json\3.3.2\spring-boot-starter-json-3.3.2.jar;C:\Users\Tania\.m2\repository\com\fasterxml\jackson\core\jackson-databind\2.17.2\jackson-databind-2.17.2.jar;C:\Users\Tania\.m2\repository\com\fasterxml\jackson\core\jackson-annotations\2.17.2\jackson-annotations-2.17.2.jar;C:\Users\Tania\.m2\repository\com\fasterxml\jackson\core\jackson-core\2.17.2\jackson-core-2.17.2.jar;C:\Users\Tania\.m2\repository\com\fasterxml\jackson\datatype\jackson-datatype-jdk8\2.17.2\jackson-datatype-jdk8-2.17.2.jar;C:\Users\Tania\.m2\repository\com\fasterxml\jackson\datatype\jackson-datatype-jsr310\2.17.2\jackson-datatype-jsr310-2.17.2.jar;C:\Users\Tania\.m2\repository\com\fasterxml\jackson\module\jackson-module-parameter-names\2.17.2\jackson-module-parameter-names-2.17.2.jar;C:\Users\Tania\.m2\repository\org\springframework\boot\spring-boot-starter-tomcat\3.3.2\spring-boot-starter-tomcat-3.3.2.jar;C:\Users\Tania\.m2\repository\org\apache\tomcat\embed\tomcat-embed-core\10.1.26\tomcat-embed-core-10.1.26.jar;C:\Users\Tania\.m2\repository\org\apache\tomcat\embed\tomcat-embed-el\10.1.26\tomcat-embed-el-10.1.26.jar;C:\Users\Tania\.m2\repository\org\apache\tomcat\embed\tomcat-embed-websocket\10.1.26\tomcat-embed-websocket-10.1.26.jar;C:\Users\Tania\.m2\repository\org\springframework\spring-web\6.1.11\spring-web-6.1.11.jar;C:\Users\Tania\.m2\repository\org\springframework\spring-beans\6.1.11\spring-beans-6.1.11.jar;C:\Users\Tania\.m2\repository\io\micrometer\micrometer-observation\1.12.8\micrometer-observation-1.12.8.jar;C:\Users\Tania\.m2\repository\io\micrometer\micrometer-commons\1.12.8\micrometer-commons-1.12.8.jar;C:\Users\Tania\.m2\repository\org\springframework\spring-webmvc\6.1.11\spring-webmvc-6.1.11.jar;C:\Users\Tania\.m2\repository\org\springframework\spring-aop\6.1.11\spring-aop-6.1.11.jar;C:\Users\Tania\.m2\repository\org\springframework\spring-expression\6.1.11\spring-expression-6.1.11.jar;C:\Users\Tania\.m2\repository\org\springframework\boot\spring-boot-starter-thymeleaf\3.3.2\spring-boot-starter-thymeleaf-3.3.2.jar;C:\Users\Tania\.m2\repository\org\thymeleaf\thymeleaf-spring6\3.1.2.RELEASE\thymeleaf-spring6-3.1.2.RELEASE.jar;C:\Users\Tania\.m2\repository\org\thymeleaf\thymeleaf\3.1.2.RELEASE\thymeleaf-3.1.2.RELEASE.jar;C:\Users\Tania\.m2\repository\org\attoparser\attoparser\2.0.7.RELEASE\attoparser-2.0.7.RELEASE.jar;C:\Users\Tania\.m2\repository\org\unbescape\unbescape\1.1.6.RELEASE\unbescape-1.1.6.RELEASE.jar;C:\Users\Tania\.m2\repository\org\slf4j\slf4j-api\2.0.7\slf4j-api-2.0.7.jar;C:\Users\Tania\.m2\repository\org\springframework\boot\spring-boot-starter-data-jpa\3.3.2\spring-boot-starter-data-jpa-3.3.2.jar;C:\Users\Tania\.m2\repository\org\springframework\boot\spring-boot-starter-aop\3.3.2\spring-boot-starter-aop-3.3.2.jar;C:\Users\Tania\.m2\repository\org\aspectj\aspectjweaver\1.9.22.1\aspectjweaver-1.9.22.1.jar;C:\Users\Tania\.m2\repository\org\springframework\boot\spring-boot-starter-jdbc\3.3.2\spring-boot-starter-jdbc-3.3.2.jar;C:\Users\Tania\.m2\repository\com\zaxxer\HikariCP\5.1.0\HikariCP-5.1.0.jar;C:\Users\Tania\.m2\repository\org\springframework\spring-jdbc\6.1.11\spring-jdbc-6.1.11.jar;C:\Users\Tania\.m2\repository\org\hibernate\orm\hibernate-core\6.5.2.Final\hibernate-core-6.5.2.Final.jar;C:\Users\Tania\.m2\repository\jakarta\persistence\jakarta.persistence-api\3.1.0\jakarta.persistence-api-3.1.0.jar;C:\Users\Tania\.m2\repository\jakarta\transaction\jakarta.transaction-api\2.0.1\jakarta.transaction-api-2.0.1.jar;C:\Users\Tania\.m2\repository\org\jboss\logging\jboss-logging\3.5.0.Final\jboss-logging-3.5.0.Final.jar;C:\Users\Tania\.m2\repository\org\hibernate\common\hibernate-commons-annotations\6.0.6.Final\hibernate-commons-annotations-6.0.6.Final.jar;C:\Users\Tania\.m2\repository\io\smallrye\jandex\3.1.2\jandex-3.1.2.jar;C:\Users\Tania\.m2\repository\com\fasterxml\classmate\1.5.1\classmate-1.5.1.jar;C:\Users\Tania\.m2\repository\net\bytebuddy\byte-buddy\1.14.15\byte-buddy-1.14.15.jar;C:\Users\Tania\.m2\repository\org\glassfish\jaxb\jaxb-runtime\4.0.2\jaxb-runtime-4.0.2.jar;C:\Users\Tania\.m2\repository\org\glassfish\jaxb\jaxb-core\4.0.2\jaxb-core-4.0.2.jar;C:\Users\Tania\.m2\repository\org\eclipse\angus\angus-activation\2.0.0\angus-activation-2.0.0.jar;C:\Users\Tania\.m2\repository\org\glassfish\jaxb\txw2\4.0.2\txw2-4.0.2.jar;C:\Users\Tania\.m2\repository\com\sun\istack\istack-commons-runtime\4.1.1\istack-commons-runtime-4.1.1.jar;C:\Users\Tania\.m2\repository\jakarta\inject\jakarta.inject-api\2.0.1\jakarta.inject-api-2.0.1.jar;C:\Users\Tania\.m2\repository\org\antlr\antlr4-runtime\4.13.0\antlr4-runtime-4.13.0.jar;C:\Users\Tania\.m2\repository\org\springframework\data\spring-data-jpa\3.3.2\spring-data-jpa-3.3.2.jar;C:\Users\Tania\.m2\repository\org\springframework\data\spring-data-commons\3.3.2\spring-data-commons-3.3.2.jar;C:\Users\Tania\.m2\repository\org\springframework\spring-orm\6.1.9\spring-orm-6.1.9.jar;C:\Users\Tania\.m2\repository\org\springframework\spring-tx\6.1.9\spring-tx-6.1.9.jar;C:\Users\Tania\.m2\repository\org\springframework\spring-aspects\6.1.11\spring-aspects-6.1.11.jar;C:\Users\Tania\.m2\repository\com\mysql\mysql-connector-j\8.0.33\mysql-connector-j-8.0.33.jar;C:\Users\Tania\.m2\repository\com\google\protobuf\protobuf-java\3.21.9\protobuf-java-3.21.9.jar;C:\Users\Tania\.m2\repository\jakarta\xml\bind\jakarta.xml.bind-api\4.0.2\jakarta.xml.bind-api-4.0.2.jar;C:\Users\Tania\.m2\repository\jakarta\activation\jakarta.activation-api\2.1.3\jakarta.activation-api-2.1.3.jar
Launcher Type: SUN_STANDARD

[Global flags]
     intx CICompilerCount                          = 4                                         {product} {ergonomic}
     uint ConcGCThreads                            = 2                                         {product} {ergonomic}
     uint G1ConcRefinementThreads                  = 8                                         {product} {ergonomic}
   size_t G1HeapRegionSize                         = 2097152                                   {product} {ergonomic}
   size_t InitialHeapSize                          = 264241152                                 {product} {ergonomic}
     bool ManagementServer                         = true                                      {product} {command line}
   size_t MarkStackSize                            = 4194304                                   {product} {ergonomic}
   size_t MarkStackSizeMax                         = 536870912                                 {product} {ergonomic}
   size_t MaxHeapSize                              = 4206886912                                {product} {ergonomic}
   size_t MinHeapDeltaBytes                        = 2097152                                   {product} {ergonomic}
   size_t MinHeapSize                              = 8388608                                   {product} {ergonomic}
    uintx NonNMethodCodeHeapSize                   = 4096                                   {pd product} {ergonomic}
    uintx NonProfiledCodeHeapSize                  = 0                                      {pd product} {ergonomic}
     bool ProfileInterpreter                       = false                                  {pd product} {command line}
    uintx ProfiledCodeHeapSize                     = 0                                      {pd product} {ergonomic}
   size_t SoftMaxHeapSize                          = 4206886912                             {manageable} {ergonomic}
     intx TieredStopAtLevel                        = 1                                         {product} {command line}
     bool UseCompressedOops                        = true                           {product lp64_product} {ergonomic}
     bool UseG1GC                                  = true                                      {product} {ergonomic}
     bool UseLargePagesIndividualAllocation        = false                                  {pd product} {ergonomic}

Logging:
Log output configuration:
 #0: stdout all=warning uptime,level,tags foldmultilines=false
 #1: stderr all=off uptime,level,tags foldmultilines=false

Release file:
<release file has not been read>
Environment Variables:
PATH=C:\oracleXE\dbhomeXE\bin;C:\Program Files\Microsoft MPI\Bin\;C:\Program Files\Common Files\Oracle\Java\javapath;C:\Program Files (x86)\Common Files\Oracle\Java\javapath;C:\WINDOWS\system32;C:\WINDOWS;C:\WINDOWS\System32\Wbem;C:\WINDOWS\System32\WindowsPowerShell\v1.0\;C:\WINDOWS\System32\OpenSSH\;C:\Program Files (x86)\Windows Live\Shared;C:\Program Files\Intel\WiFi\bin\;C:\Program Files\Common Files\Intel\WirelessCommon\;C:\Program Files\dotnet\;C:\Program Files\Azure Data Studio\bin;C:\Program Files\Git\cmd;C:\Program Files (x86)\Windows Kits\10\Windows Performance Toolkit\;C:\Program Files (x86)\Microsoft SQL Server\170\Tools\Binn\;C:\Program Files\Microsoft SQL Server\170\Tools\Binn\;C:\Program Files\Microsoft SQL Server\Client SDK\ODBC\180\Tools\Binn\;C:\Program Files\Microsoft SQL Server\170\DTS\Binn\;C:\Users\Tania\AppData\Local\Programs\Python\Python311\Scripts\;C:\Users\Tania\AppData\Local\Programs\Python\Python311\;C:\Users\Tania\AppData\Local\Programs\Python\Python314\Scripts\;C:\Users\Tania\AppData\Local\Programs\Python\Python314\;C:\Users\Tania\AppData\Local\Programs\Python\Launcher\;C:\Users\Tania\AppData\Local\Programs\Eclipse Adoptium\jdk-21.0.6.7-hotspot\bin;C:\Users\Tania\AppData\Local\Microsoft\WindowsApps;C:\Users\Tania\.dotnet\tools;C:\Users\Tania\Desktop\MinGWW\mingw64\bin;C:\Users\Tania\AppData\Local\Programs\Microsoft VS Code\bin;C:\Program Files\JetBrains\WebStorm 2025.3.3\bin
USERNAME=Nicolle
OS=Windows_NT
PROCESSOR_IDENTIFIER=Intel64 Family 6 Model 60 Stepping 3, GenuineIntel
TMP=C:\Users\Tania\AppData\Local\Temp
TEMP=C:\Users\Tania\AppData\Local\Temp




Compilation memory statistics disabled.

Periodic native trim disabled

---------------  S Y S T E M  ---------------

OS:
 Windows 10 , 64 bit Build 19041 (10.0.19041.5915)
OS uptime: 6 days 2:57 hours

CPU: total 8 (initial active 8) (4 cores per cpu, 2 threads per core) family 6 model 60 stepping 3 microcode 0x27, cx8, cmov, fxsr, ht, mmx, sse, sse2, sse3, ssse3, sse4.1, sse4.2, popcnt, lzcnt, tsc, tscinvbit, avx, avx2, aes, erms, clmul, bmi1, bmi2, fma, vzeroupper, clflush, rdtscp, f16c
Processor Information for the first 8 processors :
  Max Mhz: 2801, Current Mhz: 2801, Mhz Limit: 2801

Memory: 4k page, system-wide physical 16041M (3306M free)
TotalPageFile size 18940M (AvailPageFile size 118M)
current process WorkingSet (physical memory assigned to process): 12M, peak: 12M
current process commit charge ("private bytes"): 56M, peak: 308M

vm_info: OpenJDK 64-Bit Server VM (25.0.1+8-27) for windows-amd64 JRE (25.0.1+8-27), built on 2025-09-25T16:41:16Z with unknown MS VC++:1943

END.
